[16:11:55] [main/INFO] (FabricLoader/GameProvider) Loading Minecraft 1.20.1 with Fabric Loader 0.14.21
[16:11:55] [main/DEBUG] (FabricLoader/GamePatch) Found game constructor: net.minecraft.client.main.Main -> net.minecraft.client.Minecraft
[16:11:55] [main/DEBUG] (FabricLoader/GamePatch) Patching game constructor <init>(Lnet/minecraft/client/main/GameConfig;)V
[16:11:55] [main/DEBUG] (FabricLoader/GamePatch) Run directory field is thought to be net/minecraft/client/Minecraft/gameDirectory
[16:11:55] [main/DEBUG] (FabricLoader/GamePatch) Applying brand name hook to net/minecraft/client/ClientBrandRetriever::getClientModName
[16:11:55] [main/DEBUG] (FabricLoader/GamePatch) Applying brand name hook to net/minecraft/server/MinecraftServer::getServerModName
[16:11:55] [main/DEBUG] (FabricLoader/GamePatch) Patched 3 classs
[16:11:55] [main/DEBUG] (FabricLoader/Discovery) Mod discovery time: 78.1 ms
[16:11:55] [main/WARN] (FabricLoader/Resolution) Mod resolution failed
[16:11:55] [main/INFO] (FabricLoader/Resolution) Immediate reason: [HARD_DEP_NO_CANDIDATE mixinextras 0.4.0 {depends fabricloader @ [>=0.14.25]}, ROOT_FORCELOAD_SINGLE mixinextras 0.4.0]
[16:11:55] [main/INFO] (FabricLoader/Resolution) Reason: [HARD_DEP mixinextras 0.4.0 {depends fabricloader @ [>=0.14.25]}]
[16:11:55] [main/INFO] (FabricLoader/Resolution) Fix: add [], remove [], replace [[fabricloader 0.14.21] -> add:fabricloader 0.14.25 ([[0.14.25,∞)])]
[16:11:55] [main/ERROR] (FabricLoader) Incompatible mod set!
net.fabricmc.loader.impl.FormattedException: Mod resolution encountered an incompatible mod set!
A potential solution has been determined:
	 - Replace mod 'Fabric Loader' (fabricloader) 0.14.21 with version 0.14.25 or later.
Unmet dependency listing:
	 - Mod 'MixinExtras' (mixinextras) 0.4.0 requires version 0.14.25 or later of mod 'Fabric Loader' (fabricloader), but only the wrong version is present: 0.14.21!
	at net.fabricmc.loader.impl.FormattedException.ofLocalized(FormattedException.java:51) ~[fabric-loader-0.14.21.jar:?]
	at net.fabricmc.loader.impl.FabricLoaderImpl.load(FabricLoaderImpl.java:192) ~[fabric-loader-0.14.21.jar:?]
	at net.fabricmc.loader.impl.launch.knot.Knot.init(Knot.java:148) ~[fabric-loader-0.14.21.jar:?]
	at net.fabricmc.loader.impl.launch.knot.Knot.launch(Knot.java:68) ~[fabric-loader-0.14.21.jar:?]
	at net.fabricmc.loader.impl.launch.knot.KnotClient.main(KnotClient.java:23) ~[fabric-loader-0.14.21.jar:?]
	at net.fabricmc.devlaunchinjector.Main.main(Main.java:86) ~[?:?]
